<?xml version="1.0" encoding="UTF-8"?>
<!-- Generated by org.testng.reporters.JUnitReportReporter -->
<testsuite hostname="DESKTOP-4BUN8JM" failures="0" tests="4" name="rtCamp.AssignmentTest.rtCampAssignmentScenario" time="56.429" errors="0" timestamp="2024-09-24T16:30:19 IST" skipped="0">
  <testcase classname="rtCamp.AssignmentTest.rtCampAssignmentScenario" name="TC1_VerifyLoginPage_WithValidUsername_ValidPassword" time="5.777"/>
  <testcase classname="rtCamp.AssignmentTest.rtCampAssignmentScenario" name="TC2_VerifyTheSortingOrder_displayedForZA_OnAllItemsPage" time="4.315"/>
  <testcase classname="rtCamp.AssignmentTest.rtCampAssignmentScenario" name="TC3_VerifyTheSortingPriceOrder_displayedForHigh_Low_OnAllItemsPage" time="5.394"/>
  <testcase classname="rtCamp.AssignmentTest.rtCampAssignmentScenario" name="TC4_VerifyToAddMultipleItemsToTheCard_ValidateTheCheckout" time="40.943"/>
</testsuite> <!-- rtCamp.AssignmentTest.rtCampAssignmentScenario -->
